{"name":"main","status":"failed","statusDetails":{"known":false,"muted":false,"flaky":false,"message":"expected [4] but found [0]","trace":"java.lang.AssertionError: expected [4] but found [0]\r\n\tat org.testng.Assert.fail(Assert.java:96)\r\n\tat org.testng.Assert.failNotEquals(Assert.java:776)\r\n\tat org.testng.Assert.assertEqualsImpl(Assert.java:137)\r\n\tat org.testng.Assert.assertEquals(Assert.java:118)\r\n\tat org.testng.Assert.assertEquals(Assert.java:652)\r\n\tat org.testng.Assert.assertEquals(Assert.java:662)\r\n\tat hw5.steps.DifferentElementsPageSteps.amountOfCheckboxeAssertion(DifferentElementsPageSteps.java:15)\r\n\tat hw5.ex2.Ex2.main(Ex2.java:40)\r\n\tat sun.reflect.NativeMethodAccessorImpl.invoke0(Native Method)\r\n\tat sun.reflect.NativeMethodAccessorImpl.invoke(NativeMethodAccessorImpl.java:62)\r\n\tat sun.reflect.DelegatingMethodAccessorImpl.invoke(DelegatingMethodAccessorImpl.java:43)\r\n\tat java.lang.reflect.Method.invoke(Method.java:498)\r\n\tat org.testng.internal.MethodInvocationHelper.invokeMethod(MethodInvocationHelper.java:124)\r\n\tat org.testng.internal.Invoker.invokeMethod(Invoker.java:583)\r\n\tat org.testng.internal.Invoker.invokeTestMethod(Invoker.java:719)\r\n\tat org.testng.internal.Invoker.invokeTestMethods(Invoker.java:989)\r\n\tat org.testng.internal.TestMethodWorker.invokeTestMethods(TestMethodWorker.java:125)\r\n\tat org.testng.internal.TestMethodWorker.run(TestMethodWorker.java:109)\r\n\tat org.testng.TestRunner.privateRun(TestRunner.java:648)\r\n\tat org.testng.TestRunner.run(TestRunner.java:505)\r\n\tat org.testng.SuiteRunner.runTest(SuiteRunner.java:455)\r\n\tat org.testng.SuiteRunner.runSequentially(SuiteRunner.java:450)\r\n\tat org.testng.SuiteRunner.privateRun(SuiteRunner.java:415)\r\n\tat org.testng.SuiteRunner.run(SuiteRunner.java:364)\r\n\tat org.testng.SuiteRunnerWorker.runSuite(SuiteRunnerWorker.java:52)\r\n\tat org.testng.SuiteRunnerWorker.run(SuiteRunnerWorker.java:84)\r\n\tat org.testng.TestNG.runSuitesSequentially(TestNG.java:1208)\r\n\tat org.testng.TestNG.runSuitesLocally(TestNG.java:1137)\r\n\tat org.testng.TestNG.runSuites(TestNG.java:1049)\r\n\tat org.testng.TestNG.run(TestNG.java:1017)\r\n\tat org.testng.IDEARemoteTestNG.run(IDEARemoteTestNG.java:73)\r\n\tat org.testng.RemoteTestNGStarter.main(RemoteTestNGStarter.java:123)\r\n"},"stage":"finished","steps":[{"name":"Click on \"Service\" subcategory in the header and check that drop down contains options","status":"passed","stage":"finished","steps":[],"attachments":[],"parameters":[{"name":"elementsOfDropdown","value":"[SUPPORT, DATES, COMPLEX TABLE, SIMPLE TABLE, TABLE WITH PAGES, DIFFERENT ELEMENTS]"}],"start":1562100572727,"stop":1562100573675},{"name":"Click on Service subcategory in the left section and check that drop down contains options","status":"passed","stage":"finished","steps":[],"attachments":[],"parameters":[{"name":"elementsOfDropdown","value":"[SUPPORT, DATES, COMPLEX TABLE, SIMPLE TABLE, TABLE WITH PAGES, DIFFERENT ELEMENTS]"}],"start":1562100573675,"stop":1562100574779},{"name":"Open through the header menu Service -> Different Elements Page","status":"passed","stage":"finished","steps":[],"attachments":[],"parameters":[{"name":"element","value":"Different elements"}],"start":1562100574779,"stop":1562100575551},{"name":"Check amount of checkboxes on page","status":"failed","statusDetails":{"known":false,"muted":false,"flaky":false,"message":"expected [4] but found [0]","trace":"java.lang.AssertionError: expected [4] but found [0]\r\n\tat org.testng.Assert.fail(Assert.java:96)\r\n\tat org.testng.Assert.failNotEquals(Assert.java:776)\r\n\tat org.testng.Assert.assertEqualsImpl(Assert.java:137)\r\n\tat org.testng.Assert.assertEquals(Assert.java:118)\r\n\tat org.testng.Assert.assertEquals(Assert.java:652)\r\n\tat org.testng.Assert.assertEquals(Assert.java:662)\r\n\tat hw5.steps.DifferentElementsPageSteps.amountOfCheckboxeAssertion(DifferentElementsPageSteps.java:15)\r\n\tat hw5.ex2.Ex2.main(Ex2.java:40)\r\n\tat sun.reflect.NativeMethodAccessorImpl.invoke0(Native Method)\r\n\tat sun.reflect.NativeMethodAccessorImpl.invoke(NativeMethodAccessorImpl.java:62)\r\n\tat sun.reflect.DelegatingMethodAccessorImpl.invoke(DelegatingMethodAccessorImpl.java:43)\r\n\tat java.lang.reflect.Method.invoke(Method.java:498)\r\n\tat org.testng.internal.MethodInvocationHelper.invokeMethod(MethodInvocationHelper.java:124)\r\n\tat org.testng.internal.Invoker.invokeMethod(Invoker.java:583)\r\n\tat org.testng.internal.Invoker.invokeTestMethod(Invoker.java:719)\r\n\tat org.testng.internal.Invoker.invokeTestMethods(Invoker.java:989)\r\n\tat org.testng.internal.TestMethodWorker.invokeTestMethods(TestMethodWorker.java:125)\r\n\tat org.testng.internal.TestMethodWorker.run(TestMethodWorker.java:109)\r\n\tat org.testng.TestRunner.privateRun(TestRunner.java:648)\r\n\tat org.testng.TestRunner.run(TestRunner.java:505)\r\n\tat org.testng.SuiteRunner.runTest(SuiteRunner.java:455)\r\n\tat org.testng.SuiteRunner.runSequentially(SuiteRunner.java:450)\r\n\tat org.testng.SuiteRunner.privateRun(SuiteRunner.java:415)\r\n\tat org.testng.SuiteRunner.run(SuiteRunner.java:364)\r\n\tat org.testng.SuiteRunnerWorker.runSuite(SuiteRunnerWorker.java:52)\r\n\tat org.testng.SuiteRunnerWorker.run(SuiteRunnerWorker.java:84)\r\n\tat org.testng.TestNG.runSuitesSequentially(TestNG.java:1208)\r\n\tat org.testng.TestNG.runSuitesLocally(TestNG.java:1137)\r\n\tat org.testng.TestNG.runSuites(TestNG.java:1049)\r\n\tat org.testng.TestNG.run(TestNG.java:1017)\r\n\tat org.testng.IDEARemoteTestNG.run(IDEARemoteTestNG.java:73)\r\n\tat org.testng.RemoteTestNGStarter.main(RemoteTestNGStarter.java:123)\r\n"},"stage":"finished","steps":[],"attachments":[],"parameters":[{"name":"expectedAmount","value":"4"}],"start":1562100575555,"stop":1562100575595}],"attachments":[{"name":"Attachment: failed","source":"199ab9e8-fb7a-4a6c-a1b3-bcb45dbf61bc-attachment","type":"image/png"}],"parameters":[],"start":1562100572691,"stop":1562100576006,"uuid":"2cfe584f-a059-4a40-aa1a-dc8321db9c0f","historyId":"2f45c24fb5877e1a7e494c16293ae72b","fullName":"hw5.ex2.Ex2.main","labels":[{"name":"package","value":"hw5.ex2.Ex2"},{"name":"testClass","value":"hw5.ex2.Ex2"},{"name":"testMethod","value":"main"},{"name":"parentSuite","value":"SuiteForAllure"},{"name":"suite","value":"suite"},{"name":"subSuite","value":"hw5.ex2.Ex2"},{"name":"host","value":"DESKTOP-I6RPRT5"},{"name":"thread","value":"5300@DESKTOP-I6RPRT5.main(1)"},{"name":"framework","value":"testng"},{"name":"language","value":"java"},{"name":"feature","value":"Ex2 test"},{"name":"story","value":"Testing page https://epam.github.io/JDI/index.html"}],"links":[]}